<?xml version="1.0" encoding="UTF-8"?>
<!-- Generated by org.testng.reporters.JUnitXMLReporter -->
<testsuite hostname="DESKTOP-JCSSE19" failures="2" tests="2" name="CalendarTest" time="10.371" errors="0" timestamp="24 Mar 2021 12:06:11 GMT">
  <testcase classname="Tests.CalendarTest" name="calendarTest" time="3.567">
    <failure type="java.lang.AssertionError" message="expected [true] but found [false]">
      <![CDATA[java.lang.AssertionError: expected [true] but found [false]
	at Tests.CalendarTest.calendarTest(CalendarTest.java:46)
... Removed 28 stack frames]]>
    </failure>
  </testcase> <!-- calendarTest -->
  <testcase classname="Tests.CalendarTest" name="calendarTest" time="6.192">
    <failure type="java.lang.NullPointerException" message="Cannot invoke &amp;quot;org.openqa.selenium.TakesScreenshot.getScreenshotAs(org.openqa.selenium.OutputType)&amp;quot; because &amp;quot;takesScreenshot&amp;quot; is null">
      <![CDATA[java.lang.NullPointerException: Cannot invoke "org.openqa.selenium.TakesScreenshot.getScreenshotAs(org.openqa.selenium.OutputType)" because "takesScreenshot" is null
	at Resources.Base.getScreenShotPath(Base.java:57)
	at Tests.Listeners.onTestFailure(Listeners.java:46)
... Removed 21 stack frames]]>
    </failure>
  </testcase> <!-- calendarTest -->
</testsuite> <!-- CalendarTest -->
