<?xml version="1.0" encoding="UTF-8"?>
<!-- Generated by org.testng.reporters.JUnitXMLReporter -->
<testsuite hostname="DESKTOP-JCSSE19" failures="0" tests="4" name="Test" time="41.817" errors="0" timestamp="3 Mar 2021 17:01:11 GMT">
  <testcase classname="Tests.HomePage" name="basePageNavigation" time="10.703"/>
  <testcase classname="Tests.HomePage" name="basePageNavigation" time="10.148"/>
  <testcase classname="Tests.ValidateHomePageTexts" name="textValidation" time="1.03"/>
  <testcase classname="Tests.LoginTest" name="loginTest" time="9.549"/>
</testsuite> <!-- Test -->
